This file contains any messages produced by compilers while
running configure, to aid debugging if configure makes a mistake.

It was created by main configure 0.0.1, which was
generated by GNU Autoconf 2.59.  Invocation command line was

  $ ./configure --prefix=/g/g90/sato5/Programs/libibtl

## --------- ##
## Platform. ##
## --------- ##

hostname = sierra1302
uname -m = x86_64
uname -r = 2.6.18-107chaos
uname -s = Linux
uname -v = #1 SMP Thu Jun 23 14:36:14 PDT 2011

/usr/bin/uname -p = unknown
/bin/uname -X     = unknown

/bin/arch              = x86_64
/usr/bin/arch -k       = unknown
/usr/convex/getsysinfo = unknown
hostinfo               = unknown
/bin/machine           = unknown
/usr/bin/oslevel       = unknown
/bin/universe          = unknown

PATH: /g/g90/sato5/Programs/scr/scr-1.1-7.moody20/install/bin
PATH: /g/g90/sato5/Programs/scr/scr-1.1-7.moody20/install/bin
PATH: /usr/lib64/qt-3.3/bin
PATH: /usr/global/tools/totalview/m/sierra/dflt/bin
PATH: /usr/local/bin
PATH: /bin
PATH: /usr/bin
PATH: /usr/bin/X11
PATH: /usr/lib/mpi/bin
PATH: /usr/apps/bin
PATH: /usr/gapps/bin
PATH: /usr/kerberos/bin


## ----------- ##
## Core tests. ##
## ----------- ##

configure:1310: checking for a BSD-compatible install
configure:1365: result: /usr/bin/install -c
configure:1376: checking whether build environment is sane
configure:1419: result: yes
configure:1484: checking for gawk
configure:1500: found /bin/gawk
configure:1510: result: gawk
configure:1520: checking whether make sets $(MAKE)
configure:1540: result: yes
configure:1760: checking for gcc
configure:1776: found /usr/local/bin/gcc
configure:1786: result: gcc
configure:2030: checking for C compiler version
configure:2033: gcc --version </dev/null >&5
gcc (GCC) 4.1.2 20080704 (Red Hat 4.1.2-50)
Copyright (C) 2006 Free Software Foundation, Inc.
This is free software; see the source for copying conditions.  There is NO
warranty; not even for MERCHANTABILITY or FITNESS FOR A PARTICULAR PURPOSE.

configure:2036: $? = 0
configure:2038: gcc -v </dev/null >&5
Using built-in specs.
Target: x86_64-redhat-linux
Configured with: ../configure --prefix=/usr --mandir=/usr/share/man --infodir=/usr/share/info --enable-shared --enable-threads=posix --enable-checking=release --with-system-zlib --enable-__cxa_atexit --disable-libunwind-exceptions --enable-libgcj-multifile --enable-languages=c,c++,objc,obj-c++,java,fortran,ada --enable-java-awt=gtk --disable-dssi --disable-plugin --with-java-home=/usr/lib/jvm/java-1.4.2-gcj-1.4.2.0/jre --with-cpu=generic --host=x86_64-redhat-linux
Thread model: posix
gcc version 4.1.2 20080704 (Red Hat 4.1.2-50)
configure:2041: $? = 0
configure:2043: gcc -V </dev/null >&5
gcc: '-V' option must have argument
configure:2046: $? = 1
configure:2069: checking for C compiler default output file name
configure:2072: gcc    conftest.c  >&5
configure:2075: $? = 0
configure:2121: result: a.out
configure:2126: checking whether the C compiler works
configure:2132: ./a.out
configure:2135: $? = 0
configure:2152: result: yes
configure:2159: checking whether we are cross compiling
configure:2161: result: no
configure:2164: checking for suffix of executables
configure:2166: gcc -o conftest    conftest.c  >&5
configure:2169: $? = 0
configure:2194: result: 
configure:2200: checking for suffix of object files
configure:2221: gcc -c   conftest.c >&5
configure:2224: $? = 0
configure:2246: result: o
configure:2250: checking whether we are using the GNU C compiler
configure:2274: gcc -c   conftest.c >&5
configure:2280: $? = 0
configure:2284: test -z 
			 || test ! -s conftest.err
configure:2287: $? = 0
configure:2290: test -s conftest.o
configure:2293: $? = 0
configure:2306: result: yes
configure:2312: checking whether gcc accepts -g
configure:2333: gcc -c -g  conftest.c >&5
configure:2339: $? = 0
configure:2343: test -z 
			 || test ! -s conftest.err
configure:2346: $? = 0
configure:2349: test -s conftest.o
configure:2352: $? = 0
configure:2363: result: yes
configure:2380: checking for gcc option to accept ANSI C
configure:2450: gcc  -c -g -O2  conftest.c >&5
configure:2456: $? = 0
configure:2460: test -z 
			 || test ! -s conftest.err
configure:2463: $? = 0
configure:2466: test -s conftest.o
configure:2469: $? = 0
configure:2487: result: none needed
configure:2505: gcc -c -g -O2  conftest.c >&5
conftest.c:2: error: expected '=', ',', ';', 'asm' or '__attribute__' before 'me'
configure:2511: $? = 1
configure: failed program was:
| #ifndef __cplusplus
|   choke me
| #endif
configure:2655: checking for style of include used by make
configure:2683: result: GNU
configure:2711: checking dependency style of gcc
configure:2801: result: gcc3
configure:2938: creating ./config.status

## ---------------------- ##
## Running config.status. ##
## ---------------------- ##

This file was extended by main config.status 0.0.1, which was
generated by GNU Autoconf 2.59.  Invocation command line was

  CONFIG_FILES    = 
  CONFIG_HEADERS  = 
  CONFIG_LINKS    = 
  CONFIG_COMMANDS = 
  $ ./config.status 

on sierra1302

config.status:689: creating Makefile
config.status:689: creating src/Makefile
config.status:689: creating examples/Makefile
config.status:793: creating config.h
config.status:879: config.h is unchanged
config.status:1059: executing depfiles commands

## ---------------- ##
## Cache variables. ##
## ---------------- ##

ac_cv_c_compiler_gnu=yes
ac_cv_env_CC_set=
ac_cv_env_CC_value=
ac_cv_env_CFLAGS_set=
ac_cv_env_CFLAGS_value=
ac_cv_env_CPPFLAGS_set=
ac_cv_env_CPPFLAGS_value=
ac_cv_env_LDFLAGS_set=
ac_cv_env_LDFLAGS_value=
ac_cv_env_build_alias_set=
ac_cv_env_build_alias_value=
ac_cv_env_host_alias_set=
ac_cv_env_host_alias_value=
ac_cv_env_target_alias_set=
ac_cv_env_target_alias_value=
ac_cv_exeext=
ac_cv_objext=o
ac_cv_path_install='/usr/bin/install -c'
ac_cv_prog_AWK=gawk
ac_cv_prog_ac_ct_CC=gcc
ac_cv_prog_cc_g=yes
ac_cv_prog_cc_stdc=
ac_cv_prog_make_make_set=yes
am_cv_CC_dependencies_compiler_type=gcc3

## ----------------- ##
## Output variables. ##
## ----------------- ##

ACLOCAL='${SHELL} /g/g90/sato5/Programs/libibtl/missing --run aclocal-1.9'
AMDEPBACKSLASH='\'
AMDEP_FALSE='#'
AMDEP_TRUE=''
AMTAR='${SHELL} /g/g90/sato5/Programs/libibtl/missing --run tar'
AUTOCONF='${SHELL} /g/g90/sato5/Programs/libibtl/missing --run autoconf'
AUTOHEADER='${SHELL} /g/g90/sato5/Programs/libibtl/missing --run autoheader'
AUTOMAKE='${SHELL} /g/g90/sato5/Programs/libibtl/missing --run automake-1.9'
AWK='gawk'
CC='gcc'
CCDEPMODE='depmode=gcc3'
CFLAGS='-g -O2'
CPPFLAGS=''
CYGPATH_W='echo'
DEFS='-DHAVE_CONFIG_H'
DEPDIR='.deps'
ECHO_C=''
ECHO_N='-n'
ECHO_T=''
EXEEXT=''
INSTALL_DATA='${INSTALL} -m 644'
INSTALL_PROGRAM='${INSTALL}'
INSTALL_SCRIPT='${INSTALL}'
INSTALL_STRIP_PROGRAM='${SHELL} $(install_sh) -c -s'
LDFLAGS=''
LIBOBJS=''
LIBS=''
LTLIBOBJS=''
MAKEINFO='${SHELL} /g/g90/sato5/Programs/libibtl/missing --run makeinfo'
OBJEXT='o'
PACKAGE='main'
PACKAGE_BUGREPORT='kent@matsulab.is.titech.ac.jp'
PACKAGE_NAME='main'
PACKAGE_STRING='main 0.0.1'
PACKAGE_TARNAME='main'
PACKAGE_VERSION='0.0.1'
PATH_SEPARATOR=':'
SET_MAKE=''
SHELL='/bin/sh'
STRIP=''
VERSION='0.0.1'
ac_ct_CC='gcc'
ac_ct_STRIP=''
am__fastdepCC_FALSE='#'
am__fastdepCC_TRUE=''
am__include='include'
am__leading_dot='.'
am__quote=''
am__tar='${AMTAR} chof - "$$tardir"'
am__untar='${AMTAR} xf -'
bindir='${exec_prefix}/bin'
build_alias=''
datadir='${prefix}/share'
exec_prefix='${prefix}'
host_alias=''
includedir='${prefix}/include'
infodir='${prefix}/info'
install_sh='/g/g90/sato5/Programs/libibtl/install-sh'
libdir='${exec_prefix}/lib'
libexecdir='${exec_prefix}/libexec'
localstatedir='${prefix}/var'
mandir='${prefix}/man'
mkdir_p='mkdir -p --'
oldincludedir='/usr/include'
prefix='/g/g90/sato5/Programs/libibtl'
program_transform_name='s,x,x,'
sbindir='${exec_prefix}/sbin'
sharedstatedir='${prefix}/com'
sysconfdir='${prefix}/etc'
target_alias=''

## ----------- ##
## confdefs.h. ##
## ----------- ##

#define PACKAGE "main"
#define PACKAGE_BUGREPORT "kent@matsulab.is.titech.ac.jp"
#define PACKAGE_NAME "main"
#define PACKAGE_STRING "main 0.0.1"
#define PACKAGE_TARNAME "main"
#define PACKAGE_VERSION "0.0.1"
#define VERSION "0.0.1"

configure: exit 0

## ---------------------- ##
## Running config.status. ##
## ---------------------- ##

This file was extended by main config.status 0.0.1, which was
generated by GNU Autoconf 2.59.  Invocation command line was

  CONFIG_FILES    = 
  CONFIG_HEADERS  = 
  CONFIG_LINKS    = 
  CONFIG_COMMANDS = 
  $ ./config.status examples/Makefile depfiles

on sierra1302

config.status:689: creating examples/Makefile
config.status:1059: executing depfiles commands

## ---------------------- ##
## Running config.status. ##
## ---------------------- ##

This file was extended by main config.status 0.0.1, which was
generated by GNU Autoconf 2.59.  Invocation command line was

  CONFIG_FILES    = 
  CONFIG_HEADERS  = 
  CONFIG_LINKS    = 
  CONFIG_COMMANDS = 
  $ ./config.status examples/Makefile depfiles

on sierra1302

config.status:689: creating examples/Makefile
config.status:1059: executing depfiles commands
