This file contains any messages produced by compilers while
running configure, to aid debugging if configure makes a mistake.

It was created by configure, which was
generated by GNU Autoconf 2.63.  Invocation command line was

  $ ./configure --prefix=/home/usr2/11D37048/usr/tools/scr-1.1-8/ --with-scr-cntl-base=/scr

## --------- ##
## Platform. ##
## --------- ##

hostname = t2a003033
uname -m = x86_64
uname -r = 2.6.32.12-0.7-default
uname -s = Linux
uname -v = #1 SMP 2010-05-20 11:14:20 +0200

/usr/bin/uname -p = unknown
/bin/uname -X     = unknown

/bin/arch              = x86_64
/usr/bin/arch -k       = unknown
/usr/convex/getsysinfo = unknown
/usr/bin/hostinfo      = unknown
/bin/machine           = unknown
/usr/bin/oslevel       = unknown
/bin/universe          = unknown

PATH: /usr/apps/openmpi/1.4.2/intel/bin
PATH: /home/usr2/11D37048/usr/tools/scr-1.1-8/bin
PATH: /home/usr2/11D37048/usr/tools/pdsh-2.18/bin
PATH: /home/usr2/11D37048/usr/local
PATH: /opt/blcr/bin
PATH: /home/usr2/11D37048/bin/
PATH: /usr/apps/isv/flexlm
PATH: /usr/apps/isv/pgi/linux86-64/10.6/bin
PATH: /usr/apps/isv/intel/11.1.072//bin/intel64
PATH: /usr/apps/isv/intel/11.1.072//bin/intel64
PATH: /usr/apps/openmpi/1.4.2/intel/bin
PATH: /opt/pbs/tools/bin
PATH: /opt/cuda/4.1/bin
PATH: /home/usr2/11D37048/bin
PATH: /usr/local/bin
PATH: /usr/bin
PATH: /bin
PATH: /usr/bin/X11
PATH: /usr/X11R6/bin
PATH: /usr/games
PATH: /opt/bin
PATH: /opt/kde3/bin
PATH: /usr/apps/isv/TotalView/8.9.2-0/toolworks/totalview.8.9.2-0/bin
PATH: /usr/apps/isv/avs/express73/bin/linux_el5
PATH: /usr/apps/isv/avs/express_pce73/utl
PATH: /usr/apps/isv/ensight/ensight_9.1.2_a/CEI/bin
PATH: /usr/apps/isv/Mathematica/8.0.4/bin
PATH: /usr/apps/isv/maple/15.01/bin
PATH: /usr/apps/isv/ansys_inc/v140/fluent/bin
PATH: /usr/apps/isv/ansys_inc/v140/Framework/bin/Linux64
PATH: /usr/apps/isv/abaqus/Commands
PATH: /usr/apps/isv/patran/patran2011/bin
PATH: /usr/apps/isv/nastran/mdnastran2011/bin
PATH: /usr/apps/isv/marc/marc2010.2/tools
PATH: /usr/apps/isv/marc/mentat2010.2/bin
PATH: /usr/apps/isv/dytran/dytran2010/bin
PATH: /usr/apps/isv/gaussian/gaussian09.C01/g09/bsd
PATH: /usr/apps/isv/gaussian/gaussian09.C01/g09/local
PATH: /usr/apps/isv/gaussian/gaussian09.C01/g09/extras
PATH: /usr/apps/isv/gaussian/gaussian09.C01/g09
PATH: /usr/apps/isv/gauss_view/5.0.9
PATH: /usr/apps/isv/amber/amber11_bugfix20_cuda41/bin
PATH: /usr/apps/isv/molpro/2010.1/bin
PATH: /usr/apps/isv/lsdyna/ls971R5/bin
PATH: /usr/apps/isv/matlab/R2011b/bin
PATH: /usr/apps/free/bin
PATH: /usr/apps/free/env
PATH: /usr/lib/mit/bin
PATH: /usr/lib/mit/sbin
PATH: /usr/lib/qt3/bin


## ----------- ##
## Core tests. ##
## ----------- ##

configure:2118: checking metadata
configure:2291: result: yes
configure:2296: checking installation directory variables
configure:2419: result: yes
configure:2442: checking for a BSD-compatible install
configure:2510: result: /usr/bin/install -c
configure:2521: checking whether build environment is sane
configure:2564: result: yes
configure:2589: checking for a thread-safe mkdir -p
configure:2628: result: /bin/mkdir -p
configure:2641: checking for gawk
configure:2657: found /usr/bin/gawk
configure:2668: result: gawk
configure:2679: checking whether make sets $(MAKE)
configure:2701: result: yes
configure:2939: checking for gcc
configure:2955: found /usr/bin/gcc
configure:2966: result: gcc
configure:3198: checking for C compiler version
configure:3206: gcc --version >&5
gcc (SUSE Linux) 4.3.4 [gcc-4_3-branch revision 152973]
Copyright (C) 2008 Free Software Foundation, Inc.
This is free software; see the source for copying conditions.  There is NO
warranty; not even for MERCHANTABILITY or FITNESS FOR A PARTICULAR PURPOSE.

configure:3210: $? = 0
configure:3217: gcc -v >&5
Using built-in specs.
Target: x86_64-suse-linux
Configured with: ../configure --prefix=/usr --infodir=/usr/share/info --mandir=/usr/share/man --libdir=/usr/lib64 --libexecdir=/usr/lib64 --enable-languages=c,c++,objc,fortran,obj-c++,java,ada --enable-checking=release --with-gxx-include-dir=/usr/include/c++/4.3 --enable-ssp --disable-libssp --with-bugurl=http://bugs.opensuse.org/ --with-pkgversion='SUSE Linux' --disable-libgcj --disable-libmudflap --with-slibdir=/lib64 --with-system-zlib --enable-__cxa_atexit --enable-libstdcxx-allocator=new --disable-libstdcxx-pch --enable-version-specific-runtime-libs --program-suffix=-4.3 --enable-linux-futex --without-system-libunwind --with-cpu=generic --build=x86_64-suse-linux
Thread model: posix
gcc version 4.3.4 [gcc-4_3-branch revision 152973] (SUSE Linux) 
configure:3221: $? = 0
configure:3228: gcc -V >&5
gcc: '-V' option must have argument
configure:3232: $? = 1
configure:3255: checking for C compiler default output file name
configure:3277: gcc    conftest.c  >&5
configure:3281: $? = 0
configure:3319: result: a.out
configure:3338: checking whether the C compiler works
configure:3348: ./a.out
configure:3352: $? = 0
configure:3371: result: yes
configure:3378: checking whether we are cross compiling
configure:3380: result: no
configure:3383: checking for suffix of executables
configure:3390: gcc -o conftest    conftest.c  >&5
configure:3394: $? = 0
configure:3420: result: 
configure:3426: checking for suffix of object files
configure:3452: gcc -c   conftest.c >&5
configure:3456: $? = 0
configure:3481: result: o
configure:3485: checking whether we are using the GNU C compiler
configure:3514: gcc -c   conftest.c >&5
configure:3521: $? = 0
configure:3538: result: yes
configure:3547: checking whether gcc accepts -g
configure:3577: gcc -c -g  conftest.c >&5
configure:3584: $? = 0
configure:3685: result: yes
configure:3702: checking for gcc option to accept ISO C89
configure:3776: gcc  -c -g -O2  conftest.c >&5
configure:3783: $? = 0
configure:3806: result: none needed
configure:3835: checking for style of include used by make
configure:3863: result: GNU
configure:3888: checking dependency style of gcc
configure:3979: result: gcc3
configure:3995: checking whether gcc and cc understand -c and -o together
configure:4030: gcc -c conftest.c -o conftest2.o >&5
configure:4034: $? = 0
configure:4040: gcc -c conftest.c -o conftest2.o >&5
configure:4044: $? = 0
configure:4055: cc -c conftest.c >&5
configure:4059: $? = 0
configure:4067: cc -c conftest.c -o conftest2.o >&5
configure:4071: $? = 0
configure:4077: cc -c conftest.c -o conftest2.o >&5
configure:4081: $? = 0
configure:4099: result: yes
configure:4259: checking for mpicc
configure:4277: found /usr/apps/openmpi/1.4.2/intel/bin/mpicc
configure:4289: result: /usr/apps/openmpi/1.4.2/intel/bin/mpicc
configure:4837: checking mysql client library
configure:4853: result: no
configure:4979: result: machine type is... TSUBAME2
configure:5033: result: file lock type is... flock
configure:5058: checking how to run the C preprocessor
configure:5098: gcc -E  conftest.c
configure:5105: $? = 0
configure:5136: gcc -E  conftest.c
conftest.c:36:28: error: ac_nonexistent.h: No such file or directory
configure:5143: $? = 1
configure: failed program was:
| /* confdefs.h.  */
| #define PACKAGE_NAME ""
| #define PACKAGE_TARNAME ""
| #define PACKAGE_VERSION ""
| #define PACKAGE_STRING ""
| #define PACKAGE_BUGREPORT ""
| #define META_NAME "scr"
| #define META_VERSION "1.1"
| #define META_RELEASE "8"
| #define META_ALIAS "scr-1.1-8"
| #define META_AUTHOR "Adam Moody <moody20@llnl.gov>"
| #define X_PREFIX "/home/usr2/11D37048/usr/tools/scr-1.1-8"
| #define X_EXEC_PREFIX "/home/usr2/11D37048/usr/tools/scr-1.1-8"
| #define X_BINDIR "/home/usr2/11D37048/usr/tools/scr-1.1-8/bin"
| #define X_SBINDIR "/home/usr2/11D37048/usr/tools/scr-1.1-8/sbin"
| #define X_LIBEXECDIR "/home/usr2/11D37048/usr/tools/scr-1.1-8/libexec"
| #define X_DATADIR "${prefix}/share"
| #define X_SYSCONFDIR "/home/usr2/11D37048/usr/tools/scr-1.1-8/etc"
| #define X_SHAREDSTATEDIR "/home/usr2/11D37048/usr/tools/scr-1.1-8/com"
| #define X_LOCALSTATEDIR "/home/usr2/11D37048/usr/tools/scr-1.1-8/var"
| #define X_LIBDIR "/home/usr2/11D37048/usr/tools/scr-1.1-8/lib"
| #define X_INCLUDEDIR "/home/usr2/11D37048/usr/tools/scr-1.1-8/include"
| #define X_OLDINCLUDEDIR "/usr/include"
| #define X_INFODIR "${prefix}/share/info"
| #define X_MANDIR "${prefix}/share/man"
| #define PACKAGE "scr"
| #define VERSION "1.1-8"
| #define HAVE_MPI 1
| #define SCR_TLCC 0
| #define SCR_CRAY_XT 1
| #define SCR_TSUBAME2 5
| #define SCR_MACHINE_NAME TSUBAME2
| #define SCR_MACHINE_TYPE 5
| #define USE_FLOCK 1
| /* end confdefs.h.  */
| #include <ac_nonexistent.h>
configure:5176: result: gcc -E
configure:5205: gcc -E  conftest.c
configure:5212: $? = 0
configure:5243: gcc -E  conftest.c
conftest.c:36:28: error: ac_nonexistent.h: No such file or directory
configure:5250: $? = 1
configure: failed program was:
| /* confdefs.h.  */
| #define PACKAGE_NAME ""
| #define PACKAGE_TARNAME ""
| #define PACKAGE_VERSION ""
| #define PACKAGE_STRING ""
| #define PACKAGE_BUGREPORT ""
| #define META_NAME "scr"
| #define META_VERSION "1.1"
| #define META_RELEASE "8"
| #define META_ALIAS "scr-1.1-8"
| #define META_AUTHOR "Adam Moody <moody20@llnl.gov>"
| #define X_PREFIX "/home/usr2/11D37048/usr/tools/scr-1.1-8"
| #define X_EXEC_PREFIX "/home/usr2/11D37048/usr/tools/scr-1.1-8"
| #define X_BINDIR "/home/usr2/11D37048/usr/tools/scr-1.1-8/bin"
| #define X_SBINDIR "/home/usr2/11D37048/usr/tools/scr-1.1-8/sbin"
| #define X_LIBEXECDIR "/home/usr2/11D37048/usr/tools/scr-1.1-8/libexec"
| #define X_DATADIR "${prefix}/share"
| #define X_SYSCONFDIR "/home/usr2/11D37048/usr/tools/scr-1.1-8/etc"
| #define X_SHAREDSTATEDIR "/home/usr2/11D37048/usr/tools/scr-1.1-8/com"
| #define X_LOCALSTATEDIR "/home/usr2/11D37048/usr/tools/scr-1.1-8/var"
| #define X_LIBDIR "/home/usr2/11D37048/usr/tools/scr-1.1-8/lib"
| #define X_INCLUDEDIR "/home/usr2/11D37048/usr/tools/scr-1.1-8/include"
| #define X_OLDINCLUDEDIR "/usr/include"
| #define X_INFODIR "${prefix}/share/info"
| #define X_MANDIR "${prefix}/share/man"
| #define PACKAGE "scr"
| #define VERSION "1.1-8"
| #define HAVE_MPI 1
| #define SCR_TLCC 0
| #define SCR_CRAY_XT 1
| #define SCR_TSUBAME2 5
| #define SCR_MACHINE_NAME TSUBAME2
| #define SCR_MACHINE_TYPE 5
| #define USE_FLOCK 1
| /* end confdefs.h.  */
| #include <ac_nonexistent.h>
configure:5290: checking for grep that handles long lines and -e
configure:5350: result: /usr/bin/grep
configure:5355: checking for egrep
configure:5419: result: /usr/bin/grep -E
configure:5424: checking for ANSI C header files
configure:5454: gcc -c -g -O2  conftest.c >&5
configure:5461: $? = 0
configure:5560: gcc -o conftest -g -O2   conftest.c  >&5
configure:5564: $? = 0
configure:5570: ./conftest
configure:5574: $? = 0
configure:5592: result: yes
configure:5616: checking for sys/types.h
configure:5637: gcc -c -g -O2  conftest.c >&5
configure:5644: $? = 0
configure:5661: result: yes
configure:5616: checking for sys/stat.h
configure:5637: gcc -c -g -O2  conftest.c >&5
configure:5644: $? = 0
configure:5661: result: yes
configure:5616: checking for stdlib.h
configure:5637: gcc -c -g -O2  conftest.c >&5
configure:5644: $? = 0
configure:5661: result: yes
configure:5616: checking for string.h
configure:5637: gcc -c -g -O2  conftest.c >&5
configure:5644: $? = 0
configure:5661: result: yes
configure:5616: checking for memory.h
configure:5637: gcc -c -g -O2  conftest.c >&5
configure:5644: $? = 0
configure:5661: result: yes
configure:5616: checking for strings.h
configure:5637: gcc -c -g -O2  conftest.c >&5
configure:5644: $? = 0
configure:5661: result: yes
configure:5616: checking for inttypes.h
configure:5637: gcc -c -g -O2  conftest.c >&5
configure:5644: $? = 0
configure:5661: result: yes
configure:5616: checking for stdint.h
configure:5637: gcc -c -g -O2  conftest.c >&5
configure:5644: $? = 0
configure:5661: result: yes
configure:5616: checking for unistd.h
configure:5637: gcc -c -g -O2  conftest.c >&5
configure:5644: $? = 0
configure:5661: result: yes
configure:5676: checking which byteswap.h to use
configure:5703: checking byteswap.h usability
configure:5720: gcc -c -g -O2  conftest.c >&5
configure:5727: $? = 0
configure:5741: result: yes
configure:5745: checking byteswap.h presence
configure:5760: gcc -E  conftest.c
configure:5767: $? = 0
configure:5781: result: yes
configure:5809: checking for byteswap.h
configure:5816: result: yes
configure:6117: checking build system type
configure:6135: result: x86_64-unknown-linux-gnu
configure:6157: checking host system type
configure:6172: result: x86_64-unknown-linux-gnu
configure:6194: checking for a sed that does not truncate output
configure:6260: result: /usr/bin/sed
configure:6278: checking for fgrep
configure:6342: result: /usr/bin/grep -F
configure:6377: checking for ld used by gcc
configure:6444: result: /usr/x86_64-suse-linux/bin/ld
configure:6453: checking if the linker (/usr/x86_64-suse-linux/bin/ld) is GNU ld
configure:6468: result: yes
configure:6480: checking for BSD- or MS-compatible name lister (nm)
configure:6529: result: /usr/bin/nm -B
configure:6647: checking the name lister (/usr/bin/nm -B) interface
configure:6654: gcc -c -g -O2  conftest.c >&5
configure:6657: /usr/bin/nm -B "conftest.o"
configure:6660: output
0000000000000000 B some_variable
configure:6667: result: BSD nm
configure:6670: checking whether ln -s works
configure:6674: result: yes
configure:6682: checking the maximum length of command line arguments
configure:6802: result: 3458764513820540925
configure:6819: checking whether the shell understands some XSI constructs
configure:6829: result: yes
configure:6833: checking whether the shell understands "+="
configure:6839: result: yes
configure:6874: checking for /usr/x86_64-suse-linux/bin/ld option to reload object files
configure:6881: result: -r
configure:6950: checking for objdump
configure:6966: found /usr/bin/objdump
configure:6977: result: objdump
configure:7009: checking how to recognize dependent libraries
configure:7205: result: pass_all
configure:7265: checking for ar
configure:7281: found /usr/bin/ar
configure:7292: result: ar
configure:7370: checking for strip
configure:7386: found /usr/bin/strip
configure:7397: result: strip
configure:7469: checking for ranlib
configure:7485: found /usr/bin/ranlib
configure:7496: result: ranlib
configure:7586: checking command to parse /usr/bin/nm -B output from gcc object
configure:7704: gcc -c -g -O2  conftest.c >&5
configure:7707: $? = 0
configure:7711: /usr/bin/nm -B conftest.o \| sed -n -e 's/^.*[	 ]\([ABCDGIRSTW][ABCDGIRSTW]*\)[	 ][	 ]*\([_A-Za-z][_A-Za-z0-9]*\)$/\1 \2 \2/p' \> conftest.nm
configure:7714: $? = 0
configure:7768: gcc -o conftest -g -O2   conftest.c conftstm.o >&5
configure:7771: $? = 0
configure:7809: result: ok
configure:7904: gcc -c -g -O2  conftest.c >&5
configure:7907: $? = 0
configure:8674: checking for dlfcn.h
configure:8695: gcc -c -g -O2  conftest.c >&5
configure:8702: $? = 0
configure:8719: result: yes
configure:8905: checking for objdir
configure:8920: result: .libs
configure:9216: checking if gcc supports -fno-rtti -fno-exceptions
configure:9234: gcc -c -g -O2  -fno-rtti -fno-exceptions conftest.c >&5
cc1: warning: command line option "-fno-rtti" is valid for C++/ObjC++ but not for C
configure:9238: $? = 0
configure:9251: result: no
configure:9271: checking for gcc option to produce PIC
configure:9543: result: -fPIC -DPIC
configure:9555: checking if gcc PIC flag -fPIC -DPIC works
configure:9573: gcc -c -g -O2  -fPIC -DPIC -DPIC conftest.c >&5
configure:9577: $? = 0
configure:9590: result: yes
configure:9614: checking if gcc static flag -static works
configure:9642: result: yes
configure:9657: checking if gcc supports -c -o file.o
configure:9678: gcc -c -g -O2  -o out/conftest2.o conftest.c >&5
configure:9682: $? = 0
configure:9704: result: yes
configure:9712: checking if gcc supports -c -o file.o
configure:9759: result: yes
configure:9792: checking whether the gcc linker (/usr/x86_64-suse-linux/bin/ld -m elf_x86_64) supports shared libraries
configure:10866: result: yes
configure:10903: checking whether -lc should be explicitly linked in
configure:10908: gcc -c -g -O2  conftest.c >&5
configure:10911: $? = 0
configure:10926: gcc -shared conftest.o  -v -Wl,-soname -Wl,conftest -o conftest 2\>\&1 \| /usr/bin/grep  -lc  \>/dev/null 2\>\&1
configure:10929: $? = 0
configure:10941: result: no
configure:11105: checking dynamic linker characteristics
configure:11548: gcc -o conftest -g -O2   -Wl,-rpath -Wl,/foo conftest.c  >&5
configure:11555: $? = 0
configure:11788: result: GNU/Linux ld.so
configure:11890: checking how to hardcode library paths into programs
configure:11915: result: immediate
configure:12748: checking whether stripping libraries is possible
configure:12753: result: yes
configure:12788: checking if libtool supports shared libraries
configure:12790: result: yes
configure:12793: checking whether to build shared libraries
configure:12814: result: yes
configure:12817: checking whether to build static libraries
configure:12821: result: yes
configure:12865: checking whether #! works in shell scripts
configure:12882: result: yes
configure:12910: checking for pdsh
configure:12926: found /home/usr2/11D37048/usr/tools/pdsh-2.18/bin/pdsh
configure:12938: result: pdsh
configure:12962: checking for dshbak
configure:12978: found /home/usr2/11D37048/usr/tools/pdsh-2.18/bin/dshbak
configure:12990: result: dshbak
configure:13018: checking for perl
configure:13034: found /usr/bin/perl
configure:13045: result: perl
configure:13058: checking for perl module Date::Manip
configure:13068: result: ok
configure:13092: checking for ANSI C header files
configure:13260: result: yes
configure:13275: checking whether byte ordering is bigendian
configure:13300: gcc -c -g -O2  conftest.c >&5
conftest.c:51: error: expected '=', ',', ';', 'asm' or '__attribute__' before 'a'
configure:13307: $? = 1
configure: failed program was:
| /* confdefs.h.  */
| #define PACKAGE_NAME ""
| #define PACKAGE_TARNAME ""
| #define PACKAGE_VERSION ""
| #define PACKAGE_STRING ""
| #define PACKAGE_BUGREPORT ""
| #define META_NAME "scr"
| #define META_VERSION "1.1"
| #define META_RELEASE "8"
| #define META_ALIAS "scr-1.1-8"
| #define META_AUTHOR "Adam Moody <moody20@llnl.gov>"
| #define X_PREFIX "/home/usr2/11D37048/usr/tools/scr-1.1-8"
| #define X_EXEC_PREFIX "/home/usr2/11D37048/usr/tools/scr-1.1-8"
| #define X_BINDIR "/home/usr2/11D37048/usr/tools/scr-1.1-8/bin"
| #define X_SBINDIR "/home/usr2/11D37048/usr/tools/scr-1.1-8/sbin"
| #define X_LIBEXECDIR "/home/usr2/11D37048/usr/tools/scr-1.1-8/libexec"
| #define X_DATADIR "${prefix}/share"
| #define X_SYSCONFDIR "/home/usr2/11D37048/usr/tools/scr-1.1-8/etc"
| #define X_SHAREDSTATEDIR "/home/usr2/11D37048/usr/tools/scr-1.1-8/com"
| #define X_LOCALSTATEDIR "/home/usr2/11D37048/usr/tools/scr-1.1-8/var"
| #define X_LIBDIR "/home/usr2/11D37048/usr/tools/scr-1.1-8/lib"
| #define X_INCLUDEDIR "/home/usr2/11D37048/usr/tools/scr-1.1-8/include"
| #define X_OLDINCLUDEDIR "/usr/include"
| #define X_INFODIR "${prefix}/share/info"
| #define X_MANDIR "${prefix}/share/man"
| #define PACKAGE "scr"
| #define VERSION "1.1-8"
| #define HAVE_MPI 1
| #define SCR_TLCC 0
| #define SCR_CRAY_XT 1
| #define SCR_TSUBAME2 5
| #define SCR_MACHINE_NAME TSUBAME2
| #define SCR_MACHINE_TYPE 5
| #define USE_FLOCK 1
| #define STDC_HEADERS 1
| #define HAVE_SYS_TYPES_H 1
| #define HAVE_SYS_STAT_H 1
| #define HAVE_STDLIB_H 1
| #define HAVE_STRING_H 1
| #define HAVE_MEMORY_H 1
| #define HAVE_STRINGS_H 1
| #define HAVE_INTTYPES_H 1
| #define HAVE_STDINT_H 1
| #define HAVE_UNISTD_H 1
| #define HAVE_BYTESWAP_H 1
| #define HAVE_DLFCN_H 1
| #define LT_OBJDIR ".libs/"
| #define STDC_HEADERS 1
| /* end confdefs.h.  */
| #ifndef __APPLE_CC__
| 	       not a universal capable compiler
| 	     #endif
| 	     typedef int dummy;
| 
configure:13357: gcc -c -g -O2  conftest.c >&5
configure:13364: $? = 0
configure:13396: gcc -c -g -O2  conftest.c >&5
conftest.c: In function 'main':
conftest.c:57: error: 'not' undeclared (first use in this function)
conftest.c:57: error: (Each undeclared identifier is reported only once
conftest.c:57: error: for each function it appears in.)
conftest.c:57: error: expected ';' before 'big'
configure:13403: $? = 1
configure: failed program was:
| /* confdefs.h.  */
| #define PACKAGE_NAME ""
| #define PACKAGE_TARNAME ""
| #define PACKAGE_VERSION ""
| #define PACKAGE_STRING ""
| #define PACKAGE_BUGREPORT ""
| #define META_NAME "scr"
| #define META_VERSION "1.1"
| #define META_RELEASE "8"
| #define META_ALIAS "scr-1.1-8"
| #define META_AUTHOR "Adam Moody <moody20@llnl.gov>"
| #define X_PREFIX "/home/usr2/11D37048/usr/tools/scr-1.1-8"
| #define X_EXEC_PREFIX "/home/usr2/11D37048/usr/tools/scr-1.1-8"
| #define X_BINDIR "/home/usr2/11D37048/usr/tools/scr-1.1-8/bin"
| #define X_SBINDIR "/home/usr2/11D37048/usr/tools/scr-1.1-8/sbin"
| #define X_LIBEXECDIR "/home/usr2/11D37048/usr/tools/scr-1.1-8/libexec"
| #define X_DATADIR "${prefix}/share"
| #define X_SYSCONFDIR "/home/usr2/11D37048/usr/tools/scr-1.1-8/etc"
| #define X_SHAREDSTATEDIR "/home/usr2/11D37048/usr/tools/scr-1.1-8/com"
| #define X_LOCALSTATEDIR "/home/usr2/11D37048/usr/tools/scr-1.1-8/var"
| #define X_LIBDIR "/home/usr2/11D37048/usr/tools/scr-1.1-8/lib"
| #define X_INCLUDEDIR "/home/usr2/11D37048/usr/tools/scr-1.1-8/include"
| #define X_OLDINCLUDEDIR "/usr/include"
| #define X_INFODIR "${prefix}/share/info"
| #define X_MANDIR "${prefix}/share/man"
| #define PACKAGE "scr"
| #define VERSION "1.1-8"
| #define HAVE_MPI 1
| #define SCR_TLCC 0
| #define SCR_CRAY_XT 1
| #define SCR_TSUBAME2 5
| #define SCR_MACHINE_NAME TSUBAME2
| #define SCR_MACHINE_TYPE 5
| #define USE_FLOCK 1
| #define STDC_HEADERS 1
| #define HAVE_SYS_TYPES_H 1
| #define HAVE_SYS_STAT_H 1
| #define HAVE_STDLIB_H 1
| #define HAVE_STRING_H 1
| #define HAVE_MEMORY_H 1
| #define HAVE_STRINGS_H 1
| #define HAVE_INTTYPES_H 1
| #define HAVE_STDINT_H 1
| #define HAVE_UNISTD_H 1
| #define HAVE_BYTESWAP_H 1
| #define HAVE_DLFCN_H 1
| #define LT_OBJDIR ".libs/"
| #define STDC_HEADERS 1
| /* end confdefs.h.  */
| #include <sys/types.h>
| 		#include <sys/param.h>
| 
| int
| main ()
| {
| #if BYTE_ORDER != BIG_ENDIAN
| 		 not big endian
| 		#endif
| 
|   ;
|   return 0;
| }
configure:13655: result: no
configure:13862: creating ./config.status

## ---------------------- ##
## Running config.status. ##
## ---------------------- ##

This file was extended by config.status, which was
generated by GNU Autoconf 2.63.  Invocation command line was

  CONFIG_FILES    = 
  CONFIG_HEADERS  = 
  CONFIG_LINKS    = 
  CONFIG_COMMANDS = 
  $ ./config.status 

on t2a003033

config.status:1107: creating Makefile
config.status:1107: creating src/Makefile
config.status:1107: creating man/Makefile
config.status:1107: creating man/scr.1
config.status:1107: creating man/scr_index.1
config.status:1107: creating man/scr_halt.1
config.status:1107: creating man/scr_postrun.1
config.status:1107: creating man/scr_prerun.1
config.status:1107: creating man/scr_srun.1
config.status:1107: creating scripts/Makefile
config.status:1107: creating scripts/common/Makefile
config.status:1107: creating scripts/common/scr_cntl_dir
config.status:1107: creating scripts/common/scr_check_node
config.status:1107: creating scripts/common/scr_glob_hosts
config.status:1107: creating scripts/common/scr_prerun
config.status:1107: creating scripts/common/scr_postrun
config.status:1107: creating scripts/common/scr_test_datemanip
config.status:1107: creating scripts/common/scr_test_runtime
config.status:1107: creating scripts/common/scr_param.pm
config.status:1107: creating scripts/common/scr_watchdog
config.status:1107: creating scripts/TLCC/Makefile
config.status:1107: creating scripts/TLCC/scr_run
config.status:1107: creating scripts/TLCC/scr_env
config.status:1107: creating scripts/TLCC/scr_halt
config.status:1107: creating scripts/TLCC/scr_list_down_nodes
config.status:1107: creating scripts/TLCC/scr_scavenge
config.status:1107: creating scripts/TLCC/scr_inspect
config.status:1107: creating scripts/TLCC/scr_kill_jobstep
config.status:1107: creating scripts/TLCC/scr_get_jobstep_id
config.status:1107: creating scripts/cray_xt/Makefile
config.status:1107: creating scripts/cray_xt/scr_run
config.status:1107: creating scripts/cray_xt/scr_env
config.status:1107: creating scripts/cray_xt/scr_halt
config.status:1107: creating scripts/cray_xt/scr_list_down_nodes
config.status:1107: creating scripts/cray_xt/scr_scavenge
config.status:1107: creating scripts/cray_xt/scr_inspect
config.status:1107: creating scripts/cray_xt/scr_kill_jobstep
config.status:1107: creating scripts/cray_xt/scr_get_jobstep_id
config.status:1107: creating scripts/TSUBAME2/Makefile
config.status:1107: creating scripts/TSUBAME2/scr_run
config.status:1107: creating scripts/TSUBAME2/scr_env
config.status:1107: creating scripts/TSUBAME2/scr_halt
config.status:1107: creating scripts/TSUBAME2/scr_list_down_nodes
config.status:1107: creating scripts/TSUBAME2/scr_scavenge
config.status:1107: creating scripts/TSUBAME2/scr_inspect
config.status:1107: creating scripts/TSUBAME2/scr_kill_jobstep
config.status:1107: creating scripts/TSUBAME2/scr_get_jobstep_id
config.status:1107: creating examples/Makefile
config.status:1107: creating examples/makefile.examples
config.status:1107: creating doc/Makefile
config.status:1107: creating config/config.h
config.status:1329: config/config.h is unchanged
config.status:1381: executing depfiles commands
config.status:1381: executing libtool commands

## ---------------- ##
## Cache variables. ##
## ---------------- ##

ac_cv_build=x86_64-unknown-linux-gnu
ac_cv_c_bigendian=no
ac_cv_c_compiler_gnu=yes
ac_cv_env_CC_set=
ac_cv_env_CC_value=
ac_cv_env_CFLAGS_set=
ac_cv_env_CFLAGS_value=
ac_cv_env_CPPFLAGS_set=
ac_cv_env_CPPFLAGS_value=
ac_cv_env_CPP_set=
ac_cv_env_CPP_value=
ac_cv_env_LDFLAGS_set=
ac_cv_env_LDFLAGS_value=
ac_cv_env_LIBS_set=
ac_cv_env_LIBS_value=
ac_cv_env_build_alias_set=
ac_cv_env_build_alias_value=
ac_cv_env_host_alias_set=
ac_cv_env_host_alias_value=
ac_cv_env_target_alias_set=
ac_cv_env_target_alias_value=
ac_cv_header_byteswap_h=yes
ac_cv_header_dlfcn_h=yes
ac_cv_header_inttypes_h=yes
ac_cv_header_memory_h=yes
ac_cv_header_stdc=yes
ac_cv_header_stdint_h=yes
ac_cv_header_stdlib_h=yes
ac_cv_header_string_h=yes
ac_cv_header_strings_h=yes
ac_cv_header_sys_stat_h=yes
ac_cv_header_sys_types_h=yes
ac_cv_header_unistd_h=yes
ac_cv_host=x86_64-unknown-linux-gnu
ac_cv_objext=o
ac_cv_path_EGREP='/usr/bin/grep -E'
ac_cv_path_FGREP='/usr/bin/grep -F'
ac_cv_path_GREP=/usr/bin/grep
ac_cv_path_MPICC=/usr/apps/openmpi/1.4.2/intel/bin/mpicc
ac_cv_path_SED=/usr/bin/sed
ac_cv_path_install='/usr/bin/install -c'
ac_cv_path_mkdir=/bin/mkdir
ac_cv_prog_AWK=gawk
ac_cv_prog_CPP='gcc -E'
ac_cv_prog_DSHBAK_EXE=dshbak
ac_cv_prog_PDSH_EXE=pdsh
ac_cv_prog_PERL=perl
ac_cv_prog_ac_ct_AR=ar
ac_cv_prog_ac_ct_CC=gcc
ac_cv_prog_ac_ct_OBJDUMP=objdump
ac_cv_prog_ac_ct_RANLIB=ranlib
ac_cv_prog_ac_ct_STRIP=strip
ac_cv_prog_cc_c89=
ac_cv_prog_cc_g=yes
ac_cv_prog_cc_gcc_c_o=yes
ac_cv_prog_make_make_set=yes
ac_cv_sys_interpreter=yes
am_cv_CC_dependencies_compiler_type=gcc3
lt_cv_deplibs_check_method=pass_all
lt_cv_file_magic_cmd='$MAGIC_CMD'
lt_cv_file_magic_test_file=
lt_cv_ld_reload_flag=-r
lt_cv_nm_interface='BSD nm'
lt_cv_objdir=.libs
lt_cv_path_LD=/usr/x86_64-suse-linux/bin/ld
lt_cv_path_NM='/usr/bin/nm -B'
lt_cv_prog_compiler_c_o=yes
lt_cv_prog_compiler_pic_works=yes
lt_cv_prog_compiler_rtti_exceptions=no
lt_cv_prog_compiler_static_works=yes
lt_cv_prog_gnu_ld=yes
lt_cv_sys_global_symbol_pipe='sed -n -e '\''s/^.*[	 ]\([ABCDGIRSTW][ABCDGIRSTW]*\)[	 ][	 ]*\([_A-Za-z][_A-Za-z0-9]*\)$/\1 \2 \2/p'\'''
lt_cv_sys_global_symbol_to_c_name_address='sed -n -e '\''s/^: \([^ ]*\) $/  {\"\1\", (void *) 0},/p'\'' -e '\''s/^[ABCDGIRSTW]* \([^ ]*\) \([^ ]*\)$/  {"\2", (void *) \&\2},/p'\'''
lt_cv_sys_global_symbol_to_c_name_address_lib_prefix='sed -n -e '\''s/^: \([^ ]*\) $/  {\"\1\", (void *) 0},/p'\'' -e '\''s/^[ABCDGIRSTW]* \([^ ]*\) \(lib[^ ]*\)$/  {"\2", (void *) \&\2},/p'\'' -e '\''s/^[ABCDGIRSTW]* \([^ ]*\) \([^ ]*\)$/  {"lib\2", (void *) \&\2},/p'\'''
lt_cv_sys_global_symbol_to_cdecl='sed -n -e '\''s/^T .* \(.*\)$/extern int \1();/p'\'' -e '\''s/^[ABCDGIRSTW]* .* \(.*\)$/extern char \1;/p'\'''
lt_cv_sys_max_cmd_len=3458764513820540925

## ----------------- ##
## Output variables. ##
## ----------------- ##

ACLOCAL='${SHELL} /home/usr2/11D37048/lib/scr/scr-1.1-8/config/missing --run aclocal-1.10'
AMDEPBACKSLASH='\'
AMDEP_FALSE='#'
AMDEP_TRUE=''
AMTAR='${SHELL} /home/usr2/11D37048/lib/scr/scr-1.1-8/config/missing --run tar'
AR='ar'
AUTOCONF='${SHELL} /home/usr2/11D37048/lib/scr/scr-1.1-8/config/missing --run autoconf'
AUTOHEADER='${SHELL} /home/usr2/11D37048/lib/scr/scr-1.1-8/config/missing --run autoheader'
AUTOMAKE='${SHELL} /home/usr2/11D37048/lib/scr/scr-1.1-8/config/missing --run automake-1.10'
AWK='gawk'
CC='gcc'
CCDEPMODE='depmode=gcc3'
CFLAGS='-g -O2'
CPP='gcc -E'
CPPFLAGS=''
CYGPATH_W='echo'
DEFS='-DHAVE_CONFIG_H'
DEPDIR='.deps'
DSHBAK_EXE='dshbak'
DSYMUTIL=''
DUMPBIN=''
ECHO_C=''
ECHO_N='-n'
ECHO_T=''
EGREP='/usr/bin/grep -E'
EXEEXT=''
FGREP='/usr/bin/grep -F'
GCS_CFLAGS=''
GCS_LDFLAGS=''
GCS_LIBS=''
GREP='/usr/bin/grep'
INSTALL_DATA='${INSTALL} -m 644'
INSTALL_PROGRAM='${INSTALL}'
INSTALL_SCRIPT='${INSTALL}'
INSTALL_STRIP_PROGRAM='$(install_sh) -c -s'
LD='/usr/x86_64-suse-linux/bin/ld -m elf_x86_64'
LDFLAGS=''
LIBOBJS=''
LIBS=''
LIBTOOL='$(SHELL) $(top_builddir)/libtool'
LIPO=''
LN_S='ln -s'
LTLIBOBJS=''
MACHINE_NAME='TSUBAME2'
MAKEINFO='${SHELL} /home/usr2/11D37048/lib/scr/scr-1.1-8/config/missing --run makeinfo'
META_ALIAS='scr-1.1-8'
META_AUTHOR='Adam Moody <moody20@llnl.gov>'
META_DATE=''
META_LT_AGE=''
META_LT_CURRENT=''
META_LT_REVISION=''
META_NAME='scr'
META_RELEASE='8'
META_VERSION='1.1'
MKDIR_P='/bin/mkdir -p'
MOAB_CFLAGS=''
MOAB_CPPFLAGS=''
MOAB_LDFLAGS=''
MOAB_RPATH=''
MPICC='/usr/apps/openmpi/1.4.2/intel/bin/mpicc'
MPI_CFLAGS='-I/usr/apps/openmpi/1.4.2/intel/include'
MPI_CLDFLAGS='-L/usr/apps/openmpi/1.4.2/intel/lib -lmpi -lopen-rte -lopen-pal -lrdmacm -libverbs -ldl -lnsl -lutil -Wl,--export-dynamic'
MYSQL_CPPFLAGS=''
MYSQL_LDFLAGS=''
MYSQL_LIBS=''
NM='/usr/bin/nm -B'
NMEDIT=''
OBJDUMP='objdump'
OBJEXT='o'
OTOOL64=''
OTOOL=''
PACKAGE='scr'
PACKAGE_BUGREPORT=''
PACKAGE_NAME=''
PACKAGE_STRING=''
PACKAGE_TARNAME=''
PACKAGE_VERSION=''
PATH_SEPARATOR=':'
PDSH_EXE='pdsh'
PERL='perl'
RANLIB='ranlib'
SCR_CACHE_BASE='/tmp'
SCR_CNTL_BASE='/scr'
SCR_CONFIG_FILE='/etc/scr/scr.conf'
SED='/usr/bin/sed'
SET_MAKE=''
SHELL='/bin/sh'
STRIP='strip'
VERSION='1.1-8'
X_BINDIR='/home/usr2/11D37048/usr/tools/scr-1.1-8/bin'
X_DATADIR='${prefix}/share'
X_EXEC_PREFIX='/home/usr2/11D37048/usr/tools/scr-1.1-8'
X_INCLUDEDIR='/home/usr2/11D37048/usr/tools/scr-1.1-8/include'
X_INFODIR='${prefix}/share/info'
X_LIBDIR='/home/usr2/11D37048/usr/tools/scr-1.1-8/lib'
X_LIBEXECDIR='/home/usr2/11D37048/usr/tools/scr-1.1-8/libexec'
X_LOCALSTATEDIR='/home/usr2/11D37048/usr/tools/scr-1.1-8/var'
X_MANDIR='${prefix}/share/man'
X_OLDINCLUDEDIR='/usr/include'
X_PREFIX='/home/usr2/11D37048/usr/tools/scr-1.1-8'
X_SBINDIR='/home/usr2/11D37048/usr/tools/scr-1.1-8/sbin'
X_SHAREDSTATEDIR='/home/usr2/11D37048/usr/tools/scr-1.1-8/com'
X_SYSCONFDIR='/home/usr2/11D37048/usr/tools/scr-1.1-8/etc'
YOGRT_CPPFLAGS=''
YOGRT_LDFLAGS=''
YOGRT_LIBS=''
ac_ct_CC='gcc'
ac_ct_DUMPBIN=''
am__fastdepCC_FALSE='#'
am__fastdepCC_TRUE=''
am__include='include'
am__isrc=''
am__leading_dot='.'
am__quote=''
am__tar='${AMTAR} chof - "$$tardir"'
am__untar='${AMTAR} xf -'
bindir='${exec_prefix}/bin'
build='x86_64-unknown-linux-gnu'
build_alias=''
build_cpu='x86_64'
build_os='linux-gnu'
build_vendor='unknown'
datadir='${datarootdir}'
datarootdir='${prefix}/share'
docdir='${datarootdir}/doc/${PACKAGE}'
dvidir='${docdir}'
exec_prefix='${prefix}'
host='x86_64-unknown-linux-gnu'
host_alias=''
host_cpu='x86_64'
host_os='linux-gnu'
host_vendor='unknown'
htmldir='${docdir}'
includedir='${prefix}/include'
infodir='${datarootdir}/info'
install_sh='$(SHELL) /home/usr2/11D37048/lib/scr/scr-1.1-8/config/install-sh'
libdir='${exec_prefix}/lib'
libexecdir='${exec_prefix}/libexec'
localedir='${datarootdir}/locale'
localstatedir='${prefix}/var'
lt_ECHO='echo'
mandir='${datarootdir}/man'
mkdir_p='/bin/mkdir -p'
oldincludedir='/usr/include'
pdfdir='${docdir}'
prefix='/home/usr2/11D37048/usr/tools/scr-1.1-8'
program_transform_name='s,x,x,'
psdir='${docdir}'
sbindir='${exec_prefix}/sbin'
sharedstatedir='${prefix}/com'
sysconfdir='${prefix}/etc'
target_alias=''

## ----------- ##
## confdefs.h. ##
## ----------- ##

#define PACKAGE_NAME ""
#define PACKAGE_TARNAME ""
#define PACKAGE_VERSION ""
#define PACKAGE_STRING ""
#define PACKAGE_BUGREPORT ""
#define META_NAME "scr"
#define META_VERSION "1.1"
#define META_RELEASE "8"
#define META_ALIAS "scr-1.1-8"
#define META_AUTHOR "Adam Moody <moody20@llnl.gov>"
#define X_PREFIX "/home/usr2/11D37048/usr/tools/scr-1.1-8"
#define X_EXEC_PREFIX "/home/usr2/11D37048/usr/tools/scr-1.1-8"
#define X_BINDIR "/home/usr2/11D37048/usr/tools/scr-1.1-8/bin"
#define X_SBINDIR "/home/usr2/11D37048/usr/tools/scr-1.1-8/sbin"
#define X_LIBEXECDIR "/home/usr2/11D37048/usr/tools/scr-1.1-8/libexec"
#define X_DATADIR "${prefix}/share"
#define X_SYSCONFDIR "/home/usr2/11D37048/usr/tools/scr-1.1-8/etc"
#define X_SHAREDSTATEDIR "/home/usr2/11D37048/usr/tools/scr-1.1-8/com"
#define X_LOCALSTATEDIR "/home/usr2/11D37048/usr/tools/scr-1.1-8/var"
#define X_LIBDIR "/home/usr2/11D37048/usr/tools/scr-1.1-8/lib"
#define X_INCLUDEDIR "/home/usr2/11D37048/usr/tools/scr-1.1-8/include"
#define X_OLDINCLUDEDIR "/usr/include"
#define X_INFODIR "${prefix}/share/info"
#define X_MANDIR "${prefix}/share/man"
#define PACKAGE "scr"
#define VERSION "1.1-8"
#define HAVE_MPI 1
#define SCR_TLCC 0
#define SCR_CRAY_XT 1
#define SCR_TSUBAME2 5
#define SCR_MACHINE_NAME TSUBAME2
#define SCR_MACHINE_TYPE 5
#define USE_FLOCK 1
#define STDC_HEADERS 1
#define HAVE_SYS_TYPES_H 1
#define HAVE_SYS_STAT_H 1
#define HAVE_STDLIB_H 1
#define HAVE_STRING_H 1
#define HAVE_MEMORY_H 1
#define HAVE_STRINGS_H 1
#define HAVE_INTTYPES_H 1
#define HAVE_STDINT_H 1
#define HAVE_UNISTD_H 1
#define HAVE_BYTESWAP_H 1
#define HAVE_DLFCN_H 1
#define LT_OBJDIR ".libs/"
#define STDC_HEADERS 1
#define SCR_CACHE_BASE "/tmp"
#define SCR_CNTL_BASE "/scr"
#define SCR_CONFIG_FILE "/etc/scr/scr.conf"

configure: exit 0

## ---------------------- ##
## Running config.status. ##
## ---------------------- ##

This file was extended by config.status, which was
generated by GNU Autoconf 2.63.  Invocation command line was

  CONFIG_FILES    = 
  CONFIG_HEADERS  = 
  CONFIG_LINKS    = 
  CONFIG_COMMANDS = 
  $ ./config.status src/Makefile depfiles

on t2a001120

config.status:1107: creating src/Makefile
config.status:1381: executing depfiles commands
